  main.cpp
f:\לימודים\שנה ב\סמסטר ג\מחשוב מקבילי מבוזר\פרויקט סיום\final_project_parreleled\cuda_with_mpi_omp\main.cpp(294): warning C4244: 'argument': conversion from 'double' to 'int', possible loss of data
f:\לימודים\שנה ב\סמסטר ג\מחשוב מקבילי מבוזר\פרויקט סיום\final_project_parreleled\cuda_with_mpi_omp\main.cpp(301): warning C4244: 'argument': conversion from 'double' to 'int', possible loss of data
f:\לימודים\שנה ב\סמסטר ג\מחשוב מקבילי מבוזר\פרויקט סיום\final_project_parreleled\cuda_with_mpi_omp\main.cpp(320): warning C4996: 'fopen': This function or variable may be unsafe. Consider using fopen_s instead. To disable deprecation, use _CRT_SECURE_NO_WARNINGS. See online help for details.
  c:\program files (x86)\windows kits\10\include\10.0.17763.0\ucrt\stdio.h(208): note: see declaration of 'fopen'
f:\לימודים\שנה ב\סמסטר ג\מחשוב מקבילי מבוזר\פרויקט סיום\final_project_parreleled\cuda_with_mpi_omp\main.cpp(671): warning C4101: 'i': unreferenced local variable
f:\לימודים\שנה ב\סמסטר ג\מחשוב מקבילי מבוזר\פרויקט סיום\final_project_parreleled\cuda_with_mpi_omp\main.cpp(806): warning C4996: 'fopen': This function or variable may be unsafe. Consider using fopen_s instead. To disable deprecation, use _CRT_SECURE_NO_WARNINGS. See online help for details.
  c:\program files (x86)\windows kits\10\include\10.0.17763.0\ucrt\stdio.h(208): note: see declaration of 'fopen'
f:\לימודים\שנה ב\סמסטר ג\מחשוב מקבילי מבוזר\פרויקט סיום\final_project_parreleled\cuda_with_mpi_omp\main.cpp(812): warning C4996: 'fscanf': This function or variable may be unsafe. Consider using fscanf_s instead. To disable deprecation, use _CRT_SECURE_NO_WARNINGS. See online help for details.
  c:\program files (x86)\windows kits\10\include\10.0.17763.0\ucrt\stdio.h(1197): note: see declaration of 'fscanf'
f:\לימודים\שנה ב\סמסטר ג\מחשוב מקבילי מבוזר\פרויקט סיום\final_project_parreleled\cuda_with_mpi_omp\main.cpp(820): warning C4996: 'fscanf': This function or variable may be unsafe. Consider using fscanf_s instead. To disable deprecation, use _CRT_SECURE_NO_WARNINGS. See online help for details.
  c:\program files (x86)\windows kits\10\include\10.0.17763.0\ucrt\stdio.h(1197): note: see declaration of 'fscanf'
f:\לימודים\שנה ב\סמסטר ג\מחשוב מקבילי מבוזר\פרויקט סיום\final_project_parreleled\cuda_with_mpi_omp\main.cpp(825): warning C4996: 'fscanf': This function or variable may be unsafe. Consider using fscanf_s instead. To disable deprecation, use _CRT_SECURE_NO_WARNINGS. See online help for details.
  c:\program files (x86)\windows kits\10\include\10.0.17763.0\ucrt\stdio.h(1197): note: see declaration of 'fscanf'
f:\לימודים\שנה ב\סמסטר ג\מחשוב מקבילי מבוזר\פרויקט סיום\final_project_parreleled\cuda_with_mpi_omp\main.cpp(828): warning C4996: 'fscanf': This function or variable may be unsafe. Consider using fscanf_s instead. To disable deprecation, use _CRT_SECURE_NO_WARNINGS. See online help for details.
  c:\program files (x86)\windows kits\10\include\10.0.17763.0\ucrt\stdio.h(1197): note: see declaration of 'fscanf'
f:\לימודים\שנה ב\סמסטר ג\מחשוב מקבילי מבוזר\פרויקט סיום\final_project_parreleled\cuda_with_mpi_omp\main.cpp(77): warning C4700: uninitialized local variable 'status' used
f:\לימודים\שנה ב\סמסטר ג\מחשוב מקבילי מבוזר\פרויקט סיום\final_project_parreleled\cuda_with_mpi_omp\main.cpp(77): warning C4700: uninitialized local variable 'device_time' used
f:\לימודים\שנה ב\סמסטר ג\מחשוב מקבילי מבוזר\פרויקט סיום\final_project_parreleled\cuda_with_mpi_omp\main.cpp(77): warning C4700: uninitialized local variable 'device_dimention_size' used
f:\לימודים\שנה ב\סמסטר ג\מחשוב מקבילי מבוזר\פרויקט סיום\final_project_parreleled\cuda_with_mpi_omp\main.cpp(77): warning C4700: uninitialized local variable 'device_task_per_proc' used
f:\לימודים\שנה ב\סמסטר ג\מחשוב מקבילי מבוזר\פרויקט סיום\final_project_parreleled\cuda_with_mpi_omp\main.cpp(77): warning C4700: uninitialized local variable 'device_signs' used
f:\לימודים\שנה ב\סמסטר ג\מחשוב מקבילי מבוזר\פרויקט סיום\final_project_parreleled\cuda_with_mpi_omp\main.cpp(77): warning C4700: uninitialized local variable 'device_points_velocities' used
f:\לימודים\שנה ב\סמסטר ג\מחשוב מקבילי מבוזר\פרויקט סיום\final_project_parreleled\cuda_with_mpi_omp\main.cpp(77): warning C4700: uninitialized local variable 'device_initial_points_locations' used
f:\לימודים\שנה ב\סמסטר ג\מחשוב מקבילי מבוזר\פרויקט סיום\final_project_parreleled\cuda_with_mpi_omp\main.cpp(77): warning C4700: uninitialized local variable 'device_points_locations' used
f:\לימודים\שנה ב\סמסטר ג\מחשוב מקבילי מבוזר\פרויקט סיום\final_project_parreleled\cuda_with_mpi_omp\main.cpp(77): warning C4700: uninitialized local variable 'device_w' used
f:\לימודים\שנה ב\סמסטר ג\מחשוב מקבילי מבוזר\פרויקט סיום\final_project_parreleled\cuda_with_mpi_omp\main.cpp(121): warning C4700: uninitialized local variable 'w' used
f:\לימודים\שנה ב\סמסטר ג\מחשוב מקבילי מבוזר\פרויקט סיום\final_project_parreleled\cuda_with_mpi_omp\main.cpp(225): warning C4700: uninitialized local variable 'lastBadPointIndex' used
f:\לימודים\שנה ב\סמסטר ג\מחשוב מקבילי מבוזר\פרויקט סיום\final_project_parreleled\cuda_with_mpi_omp\main.cpp(427): warning C4700: uninitialized local variable 'lastBadPointIndex' used
  Cuda_With_MPI_OMP.vcxproj -> F:\לימודים\שנה ב\סמסטר ג\מחשוב מקבילי מבוזר\פרויקט סיום\Final_Project_Parreleled\x64\Debug\Cuda_With_MPI_OMP.exe
  Cuda_With_MPI_OMP.vcxproj -> F:\לימודים\שנה ב\סמסטר ג\מחשוב מקבילי מבוזר\פרויקט סיום\Final_Project_Parreleled\x64\Debug\Cuda_With_MPI_OMP.pdb (Full PDB)
  copy "C:\Program Files\NVIDIA GPU Computing Toolkit\CUDA\v9.1\bin\cudart*.dll" "F:\לימודים\שנה ב\סמסטר ג\מחשוב מקבילי מבוזר\פרויקט סיום\Final_Project_Parreleled\x64\Debug\"
  C:\Program Files\NVIDIA GPU Computing Toolkit\CUDA\v9.1\bin\cudart32_91.dll
  C:\Program Files\NVIDIA GPU Computing Toolkit\CUDA\v9.1\bin\cudart64_91.dll
          2 file(s) copied.
